<?xml version="1.0" encoding="UTF-8"?>
<testsuite xmlns:xsi="http://www.w3.org/2001/XMLSchema-instance" xsi:noNamespaceSchemaLocation="https://maven.apache.org/surefire/maven-surefire-plugin/xsd/surefire-test-report-3.0.xsd" version="3.0" name="TestSuite" time="59.798" tests="40" errors="0" skipped="37" failures="2">
  <properties>
    <property name="gopherProxySet" value="false"/>
    <property name="awt.toolkit" value="sun.lwawt.macosx.LWCToolkit"/>
    <property name="file.encoding.pkg" value="sun.io"/>
    <property name="java.specification.version" value="1.8"/>
    <property name="webdriver.chrome.driver" value="/Users/mallikarjunamg/.cache/selenium/chromedriver/mac64/113.0.5672.63/chromedriver"/>
    <property name="sun.cpu.isalist" value=""/>
    <property name="sun.jnu.encoding" value="UTF-8"/>
    <property name="java.class.path" value="/Users/mallikarjunamg/eclipse-workspace/Hybrid/target/test-classes:/Users/mallikarjunamg/eclipse-workspace/Hybrid/target/classes:/Users/mallikarjunamg/.m2/repository/org/seleniumhq/selenium/selenium-java/4.4.0/selenium-java-4.4.0.jar:/Users/mallikarjunamg/.m2/repository/org/seleniumhq/selenium/selenium-api/4.4.0/selenium-api-4.4.0.jar:/Users/mallikarjunamg/.m2/repository/org/seleniumhq/selenium/selenium-chrome-driver/4.4.0/selenium-chrome-driver-4.4.0.jar:/Users/mallikarjunamg/.m2/repository/org/seleniumhq/selenium/selenium-chromium-driver/4.4.0/selenium-chromium-driver-4.4.0.jar:/Users/mallikarjunamg/.m2/repository/org/seleniumhq/selenium/selenium-devtools-v102/4.4.0/selenium-devtools-v102-4.4.0.jar:/Users/mallikarjunamg/.m2/repository/org/seleniumhq/selenium/selenium-devtools-v103/4.4.0/selenium-devtools-v103-4.4.0.jar:/Users/mallikarjunamg/.m2/repository/org/seleniumhq/selenium/selenium-devtools-v104/4.4.0/selenium-devtools-v104-4.4.0.jar:/Users/mallikarjunamg/.m2/repository/org/seleniumhq/selenium/selenium-devtools-v85/4.4.0/selenium-devtools-v85-4.4.0.jar:/Users/mallikarjunamg/.m2/repository/org/seleniumhq/selenium/selenium-edge-driver/4.4.0/selenium-edge-driver-4.4.0.jar:/Users/mallikarjunamg/.m2/repository/org/seleniumhq/selenium/selenium-firefox-driver/4.4.0/selenium-firefox-driver-4.4.0.jar:/Users/mallikarjunamg/.m2/repository/org/seleniumhq/selenium/selenium-ie-driver/4.4.0/selenium-ie-driver-4.4.0.jar:/Users/mallikarjunamg/.m2/repository/org/seleniumhq/selenium/selenium-opera-driver/4.4.0/selenium-opera-driver-4.4.0.jar:/Users/mallikarjunamg/.m2/repository/org/seleniumhq/selenium/selenium-remote-driver/4.4.0/selenium-remote-driver-4.4.0.jar:/Users/mallikarjunamg/.m2/repository/io/netty/netty-transport-classes-epoll/4.1.78.Final/netty-transport-classes-epoll-4.1.78.Final.jar:/Users/mallikarjunamg/.m2/repository/io/netty/netty-transport-classes-kqueue/4.1.78.Final/netty-transport-classes-kqueue-4.1.78.Final.jar:/Users/mallikarjunamg/.m2/repository/io/netty/netty-transport-native-epoll/4.1.78.Final/netty-transport-native-epoll-4.1.78.Final.jar:/Users/mallikarjunamg/.m2/repository/io/netty/netty-transport-native-kqueue/4.1.78.Final/netty-transport-native-kqueue-4.1.78.Final.jar:/Users/mallikarjunamg/.m2/repository/io/netty/netty-transport-native-unix-common/4.1.78.Final/netty-transport-native-unix-common-4.1.78.Final.jar:/Users/mallikarjunamg/.m2/repository/io/opentelemetry/opentelemetry-api/1.16.0/opentelemetry-api-1.16.0.jar:/Users/mallikarjunamg/.m2/repository/io/opentelemetry/opentelemetry-context/1.16.0/opentelemetry-context-1.16.0.jar:/Users/mallikarjunamg/.m2/repository/io/opentelemetry/opentelemetry-exporter-logging/1.16.0/opentelemetry-exporter-logging-1.16.0.jar:/Users/mallikarjunamg/.m2/repository/io/opentelemetry/opentelemetry-sdk-metrics/1.16.0/opentelemetry-sdk-metrics-1.16.0.jar:/Users/mallikarjunamg/.m2/repository/io/opentelemetry/opentelemetry-sdk-logs/1.16.0-alpha/opentelemetry-sdk-logs-1.16.0-alpha.jar:/Users/mallikarjunamg/.m2/repository/io/opentelemetry/opentelemetry-sdk-common/1.16.0/opentelemetry-sdk-common-1.16.0.jar:/Users/mallikarjunamg/.m2/repository/io/opentelemetry/opentelemetry-sdk-extension-autoconfigure-spi/1.16.0/opentelemetry-sdk-extension-autoconfigure-spi-1.16.0.jar:/Users/mallikarjunamg/.m2/repository/io/opentelemetry/opentelemetry-sdk-extension-autoconfigure/1.16.0-alpha/opentelemetry-sdk-extension-autoconfigure-1.16.0-alpha.jar:/Users/mallikarjunamg/.m2/repository/io/opentelemetry/opentelemetry-sdk-trace/1.16.0/opentelemetry-sdk-trace-1.16.0.jar:/Users/mallikarjunamg/.m2/repository/io/opentelemetry/opentelemetry-sdk/1.16.0/opentelemetry-sdk-1.16.0.jar:/Users/mallikarjunamg/.m2/repository/io/opentelemetry/opentelemetry-semconv/1.16.0-alpha/opentelemetry-semconv-1.16.0-alpha.jar:/Users/mallikarjunamg/.m2/repository/io/ous/jtoml/2.0.0/jtoml-2.0.0.jar:/Users/mallikarjunamg/.m2/repository/net/bytebuddy/byte-buddy/1.12.10/byte-buddy-1.12.10.jar:/Users/mallikarjunamg/.m2/repository/org/apache/commons/commons-exec/1.3/commons-exec-1.3.jar:/Users/mallikarjunamg/.m2/repository/org/asynchttpclient/async-http-client/2.12.3/async-http-client-2.12.3.jar:/Users/mallikarjunamg/.m2/repository/org/asynchttpclient/async-http-client-netty-utils/2.12.3/async-http-client-netty-utils-2.12.3.jar:/Users/mallikarjunamg/.m2/repository/io/netty/netty-transport-native-epoll/4.1.60.Final/netty-transport-native-epoll-4.1.60.Final-linux-x86_64.jar:/Users/mallikarjunamg/.m2/repository/io/netty/netty-transport-native-kqueue/4.1.60.Final/netty-transport-native-kqueue-4.1.60.Final-osx-x86_64.jar:/Users/mallikarjunamg/.m2/repository/com/typesafe/netty/netty-reactive-streams/2.0.4/netty-reactive-streams-2.0.4.jar:/Users/mallikarjunamg/.m2/repository/com/sun/activation/jakarta.activation/1.2.2/jakarta.activation-1.2.2.jar:/Users/mallikarjunamg/.m2/repository/org/seleniumhq/selenium/selenium-http/4.4.0/selenium-http-4.4.0.jar:/Users/mallikarjunamg/.m2/repository/dev/failsafe/failsafe/3.2.4/failsafe-3.2.4.jar:/Users/mallikarjunamg/.m2/repository/org/seleniumhq/selenium/selenium-safari-driver/4.4.0/selenium-safari-driver-4.4.0.jar:/Users/mallikarjunamg/.m2/repository/org/seleniumhq/selenium/selenium-support/4.4.0/selenium-support-4.4.0.jar:/Users/mallikarjunamg/.m2/repository/org/seleniumhq/selenium/selenium-devtools-v108/4.7.2/selenium-devtools-v108-4.7.2.jar:/Users/mallikarjunamg/.m2/repository/com/google/auto/service/auto-service-annotations/1.0.1/auto-service-annotations-1.0.1.jar:/Users/mallikarjunamg/.m2/repository/com/google/auto/service/auto-service/1.0.1/auto-service-1.0.1.jar:/Users/mallikarjunamg/.m2/repository/com/google/auto/auto-common/1.2/auto-common-1.2.jar:/Users/mallikarjunamg/.m2/repository/com/google/guava/guava/31.1-jre/guava-31.1-jre.jar:/Users/mallikarjunamg/.m2/repository/com/google/guava/failureaccess/1.0.1/failureaccess-1.0.1.jar:/Users/mallikarjunamg/.m2/repository/com/google/guava/listenablefuture/9999.0-empty-to-avoid-conflict-with-guava/listenablefuture-9999.0-empty-to-avoid-conflict-with-guava.jar:/Users/mallikarjunamg/.m2/repository/com/google/code/findbugs/jsr305/3.0.2/jsr305-3.0.2.jar:/Users/mallikarjunamg/.m2/repository/org/checkerframework/checker-qual/3.12.0/checker-qual-3.12.0.jar:/Users/mallikarjunamg/.m2/repository/com/google/errorprone/error_prone_annotations/2.11.0/error_prone_annotations-2.11.0.jar:/Users/mallikarjunamg/.m2/repository/com/google/j2objc/j2objc-annotations/1.3/j2objc-annotations-1.3.jar:/Users/mallikarjunamg/.m2/repository/org/seleniumhq/selenium/selenium-json/4.7.2/selenium-json-4.7.2.jar:/Users/mallikarjunamg/.m2/repository/org/testng/testng/6.9.10/testng-6.9.10.jar:/Users/mallikarjunamg/.m2/repository/com/beust/jcommander/1.48/jcommander-1.48.jar:/Users/mallikarjunamg/.m2/repository/org/beanshell/bsh/2.0b4/bsh-2.0b4.jar:/Users/mallikarjunamg/.m2/repository/commons-io/commons-io/2.11.0/commons-io-2.11.0.jar:/Users/mallikarjunamg/.m2/repository/com/fasterxml/jackson/core/jackson-databind/2.14.2/jackson-databind-2.14.2.jar:/Users/mallikarjunamg/.m2/repository/com/fasterxml/jackson/core/jackson-annotations/2.14.2/jackson-annotations-2.14.2.jar:/Users/mallikarjunamg/.m2/repository/com/fasterxml/jackson/core/jackson-core/2.14.2/jackson-core-2.14.2.jar:/Users/mallikarjunamg/.m2/repository/com/aventstack/extentreports/5.0.9/extentreports-5.0.9.jar:/Users/mallikarjunamg/.m2/repository/io/reactivex/rxjava3/rxjava/3.0.4/rxjava-3.0.4.jar:/Users/mallikarjunamg/.m2/repository/org/reactivestreams/reactive-streams/1.0.3/reactive-streams-1.0.3.jar:/Users/mallikarjunamg/.m2/repository/org/freemarker/freemarker/2.3.30/freemarker-2.3.30.jar:/Users/mallikarjunamg/.m2/repository/org/projectlombok/lombok/1.18.12/lombok-1.18.12.jar:/Users/mallikarjunamg/.m2/repository/com/google/code/gson/gson/2.8.6/gson-2.8.6.jar:/Users/mallikarjunamg/.m2/repository/io/cucumber/cucumber-java/7.11.1/cucumber-java-7.11.1.jar:/Users/mallikarjunamg/.m2/repository/io/cucumber/cucumber-core/7.11.1/cucumber-core-7.11.1.jar:/Users/mallikarjunamg/.m2/repository/io/cucumber/cucumber-gherkin/7.11.1/cucumber-gherkin-7.11.1.jar:/Users/mallikarjunamg/.m2/repository/io/cucumber/cucumber-gherkin-messages/7.11.1/cucumber-gherkin-messages-7.11.1.jar:/Users/mallikarjunamg/.m2/repository/io/cucumber/gherkin/26.0.3/gherkin-26.0.3.jar:/Users/mallikarjunamg/.m2/repository/io/cucumber/messages/21.0.1/messages-21.0.1.jar:/Users/mallikarjunamg/.m2/repository/io/cucumber/tag-expressions/5.0.1/tag-expressions-5.0.1.jar:/Users/mallikarjunamg/.m2/repository/io/cucumber/cucumber-expressions/16.1.2/cucumber-expressions-16.1.2.jar:/Users/mallikarjunamg/.m2/repository/io/cucumber/datatable/7.11.1/datatable-7.11.1.jar:/Users/mallikarjunamg/.m2/repository/io/cucumber/cucumber-plugin/7.11.1/cucumber-plugin-7.11.1.jar:/Users/mallikarjunamg/.m2/repository/io/cucumber/docstring/7.11.1/docstring-7.11.1.jar:/Users/mallikarjunamg/.m2/repository/io/cucumber/html-formatter/20.2.1/html-formatter-20.2.1.jar:/Users/mallikarjunamg/.m2/repository/io/cucumber/junit-xml-formatter/0.1.0/junit-xml-formatter-0.1.0.jar:/Users/mallikarjunamg/.m2/repository/io/cucumber/ci-environment/9.1.0/ci-environment-9.1.0.jar:/Users/mallikarjunamg/.m2/repository/org/apiguardian/apiguardian-api/1.1.2/apiguardian-api-1.1.2.jar:/Users/mallikarjunamg/.m2/repository/io/cucumber/cucumber-testng/7.11.1/cucumber-testng-7.11.1.jar:/Users/mallikarjunamg/.m2/repository/mysql/mysql-connector-java/8.0.30/mysql-connector-java-8.0.30.jar:/Users/mallikarjunamg/.m2/repository/com/google/protobuf/protobuf-java/3.19.4/protobuf-java-3.19.4.jar:/Users/mallikarjunamg/.m2/repository/org/slf4j/slf4j-simple/1.7.21/slf4j-simple-1.7.21.jar:/Users/mallikarjunamg/.m2/repository/org/slf4j/slf4j-api/1.7.21/slf4j-api-1.7.21.jar:/Users/mallikarjunamg/.m2/repository/io/github/bonigarcia/webdrivermanager/5.0.3/webdrivermanager-5.0.3.jar:/Users/mallikarjunamg/.m2/repository/org/jsoup/jsoup/1.14.2/jsoup-1.14.2.jar:/Users/mallikarjunamg/.m2/repository/com/github/docker-java/docker-java/3.2.12/docker-java-3.2.12.jar:/Users/mallikarjunamg/.m2/repository/com/github/docker-java/docker-java-core/3.2.12/docker-java-core-3.2.12.jar:/Users/mallikarjunamg/.m2/repository/com/github/docker-java/docker-java-api/3.2.12/docker-java-api-3.2.12.jar:/Users/mallikarjunamg/.m2/repository/org/apache/commons/commons-compress/1.21/commons-compress-1.21.jar:/Users/mallikarjunamg/.m2/repository/commons-lang/commons-lang/2.6/commons-lang-2.6.jar:/Users/mallikarjunamg/.m2/repository/org/bouncycastle/bcpkix-jdk15on/1.64/bcpkix-jdk15on-1.64.jar:/Users/mallikarjunamg/.m2/repository/org/bouncycastle/bcprov-jdk15on/1.64/bcprov-jdk15on-1.64.jar:/Users/mallikarjunamg/.m2/repository/org/slf4j/jcl-over-slf4j/1.7.30/jcl-over-slf4j-1.7.30.jar:/Users/mallikarjunamg/.m2/repository/com/github/docker-java/docker-java-transport-httpclient5/3.2.12/docker-java-transport-httpclient5-3.2.12.jar:/Users/mallikarjunamg/.m2/repository/com/github/docker-java/docker-java-transport/3.2.12/docker-java-transport-3.2.12.jar:/Users/mallikarjunamg/.m2/repository/org/apache/httpcomponents/client5/httpclient5/5.0.3/httpclient5-5.0.3.jar:/Users/mallikarjunamg/.m2/repository/org/apache/httpcomponents/core5/httpcore5/5.0.2/httpcore5-5.0.2.jar:/Users/mallikarjunamg/.m2/repository/net/java/dev/jna/jna/5.8.0/jna-5.8.0.jar:/Users/mallikarjunamg/.m2/repository/org/brotli/dec/0.1.2/dec-0.1.2.jar:/Users/mallikarjunamg/.m2/repository/org/mongodb/mongo-java-driver/3.12.2/mongo-java-driver-3.12.2.jar:/Users/mallikarjunamg/.m2/repository/org/mongodb/mongodb-driver-sync/4.3.4/mongodb-driver-sync-4.3.4.jar:/Users/mallikarjunamg/.m2/repository/org/mongodb/bson/4.3.4/bson-4.3.4.jar:/Users/mallikarjunamg/.m2/repository/org/mongodb/mongodb-driver-core/4.3.4/mongodb-driver-core-4.3.4.jar:/Users/mallikarjunamg/.m2/repository/info/cukes/cucumber-java8/1.2.5/cucumber-java8-1.2.5.jar:/Users/mallikarjunamg/.m2/repository/info/cukes/cucumber-java/1.2.5/cucumber-java-1.2.5.jar:/Users/mallikarjunamg/.m2/repository/info/cukes/cucumber-core/1.2.5/cucumber-core-1.2.5.jar:/Users/mallikarjunamg/.m2/repository/info/cukes/cucumber-html/0.2.3/cucumber-html-0.2.3.jar:/Users/mallikarjunamg/.m2/repository/info/cukes/cucumber-jvm-deps/1.0.5/cucumber-jvm-deps-1.0.5.jar:/Users/mallikarjunamg/.m2/repository/info/cukes/gherkin/2.12.2/gherkin-2.12.2.jar:/Users/mallikarjunamg/.m2/repository/junit/junit/4.13.2/junit-4.13.2.jar:/Users/mallikarjunamg/.m2/repository/org/hamcrest/hamcrest-core/1.3/hamcrest-core-1.3.jar:/Users/mallikarjunamg/.m2/repository/io/vertx/vertx-core/4.4.2/vertx-core-4.4.2.jar:/Users/mallikarjunamg/.m2/repository/io/netty/netty-common/4.1.92.Final/netty-common-4.1.92.Final.jar:/Users/mallikarjunamg/.m2/repository/io/netty/netty-buffer/4.1.92.Final/netty-buffer-4.1.92.Final.jar:/Users/mallikarjunamg/.m2/repository/io/netty/netty-transport/4.1.92.Final/netty-transport-4.1.92.Final.jar:/Users/mallikarjunamg/.m2/repository/io/netty/netty-handler/4.1.92.Final/netty-handler-4.1.92.Final.jar:/Users/mallikarjunamg/.m2/repository/io/netty/netty-codec/4.1.92.Final/netty-codec-4.1.92.Final.jar:/Users/mallikarjunamg/.m2/repository/io/netty/netty-handler-proxy/4.1.92.Final/netty-handler-proxy-4.1.92.Final.jar:/Users/mallikarjunamg/.m2/repository/io/netty/netty-codec-socks/4.1.92.Final/netty-codec-socks-4.1.92.Final.jar:/Users/mallikarjunamg/.m2/repository/io/netty/netty-codec-http/4.1.92.Final/netty-codec-http-4.1.92.Final.jar:/Users/mallikarjunamg/.m2/repository/io/netty/netty-codec-http2/4.1.92.Final/netty-codec-http2-4.1.92.Final.jar:/Users/mallikarjunamg/.m2/repository/io/netty/netty-resolver/4.1.92.Final/netty-resolver-4.1.92.Final.jar:/Users/mallikarjunamg/.m2/repository/io/netty/netty-resolver-dns/4.1.92.Final/netty-resolver-dns-4.1.92.Final.jar:/Users/mallikarjunamg/.m2/repository/io/netty/netty-codec-dns/4.1.92.Final/netty-codec-dns-4.1.92.Final.jar:/Users/mallikarjunamg/.m2/repository/io/vertx/vertx-unit/4.4.2/vertx-unit-4.4.2.jar:/Users/mallikarjunamg/.m2/repository/io/vertx/vertx-web/4.4.2/vertx-web-4.4.2.jar:/Users/mallikarjunamg/.m2/repository/io/vertx/vertx-web-common/4.4.2/vertx-web-common-4.4.2.jar:/Users/mallikarjunamg/.m2/repository/io/vertx/vertx-auth-common/4.4.2/vertx-auth-common-4.4.2.jar:/Users/mallikarjunamg/.m2/repository/io/vertx/vertx-bridge-common/4.4.2/vertx-bridge-common-4.4.2.jar:/Users/mallikarjunamg/.m2/repository/io/vertx/vertx-jdbc-client/4.4.2/vertx-jdbc-client-4.4.2.jar:/Users/mallikarjunamg/.m2/repository/io/vertx/vertx-sql-client/4.4.2/vertx-sql-client-4.4.2.jar:/Users/mallikarjunamg/.m2/repository/com/mchange/c3p0/0.9.5.5/c3p0-0.9.5.5.jar:/Users/mallikarjunamg/.m2/repository/com/mchange/mchange-commons-java/0.2.19/mchange-commons-java-0.2.19.jar:/Users/mallikarjunamg/.m2/repository/org/hsqldb/hsqldb/2.3.3/hsqldb-2.3.3.jar:/Users/mallikarjunamg/.m2/repository/ch/qos/logback/logback-classic/1.2.3/logback-classic-1.2.3.jar:/Users/mallikarjunamg/.m2/repository/ch/qos/logback/logback-core/1.2.3/logback-core-1.2.3.jar:/Users/mallikarjunamg/.m2/repository/com/jayway/restassured/rest-assured/2.4.0/rest-assured-2.4.0.jar:/Users/mallikarjunamg/.m2/repository/org/codehaus/groovy/groovy/2.3.7/groovy-2.3.7.jar:/Users/mallikarjunamg/.m2/repository/org/codehaus/groovy/groovy-xml/2.3.7/groovy-xml-2.3.7.jar:/Users/mallikarjunamg/.m2/repository/org/apache/httpcomponents/httpclient/4.3.6/httpclient-4.3.6.jar:/Users/mallikarjunamg/.m2/repository/org/apache/httpcomponents/httpcore/4.3.3/httpcore-4.3.3.jar:/Users/mallikarjunamg/.m2/repository/commons-logging/commons-logging/1.1.3/commons-logging-1.1.3.jar:/Users/mallikarjunamg/.m2/repository/commons-codec/commons-codec/1.6/commons-codec-1.6.jar:/Users/mallikarjunamg/.m2/repository/org/apache/httpcomponents/httpmime/4.3.6/httpmime-4.3.6.jar:/Users/mallikarjunamg/.m2/repository/org/hamcrest/hamcrest-library/1.3/hamcrest-library-1.3.jar:/Users/mallikarjunamg/.m2/repository/org/ccil/cowan/tagsoup/tagsoup/1.2.1/tagsoup-1.2.1.jar:/Users/mallikarjunamg/.m2/repository/com/jayway/restassured/json-path/2.4.0/json-path-2.4.0.jar:/Users/mallikarjunamg/.m2/repository/org/codehaus/groovy/groovy-json/2.3.7/groovy-json-2.3.7.jar:/Users/mallikarjunamg/.m2/repository/com/jayway/restassured/rest-assured-common/2.4.0/rest-assured-common-2.4.0.jar:/Users/mallikarjunamg/.m2/repository/com/jayway/restassured/xml-path/2.4.0/xml-path-2.4.0.jar:/Users/mallikarjunamg/.m2/repository/org/apache/commons/commons-lang3/3.3.2/commons-lang3-3.3.2.jar:/Users/mallikarjunamg/.m2/repository/org/assertj/assertj-core/2.0.0/assertj-core-2.0.0.jar:/Users/mallikarjunamg/.m2/repository/com/github/marschall/memoryfilesystem/0.6.4/memoryfilesystem-0.6.4.jar:"/>
    <property name="java.vm.vendor" value="Oracle Corporation"/>
    <property name="sun.arch.data.model" value="64"/>
    <property name="java.vendor.url" value="http://java.oracle.com/"/>
    <property name="user.timezone" value="Asia/Kolkata"/>
    <property name="java.vm.specification.version" value="1.8"/>
    <property name="os.name" value="Mac OS X"/>
    <property name="user.country" value="IN"/>
    <property name="sun.java.launcher" value="SUN_STANDARD"/>
    <property name="sun.boot.library.path" value="/Library/Internet Plug-Ins/JavaAppletPlugin.plugin/Contents/Home/lib"/>
    <property name="sun.java.command" value="/Users/mallikarjunamg/eclipse-workspace/Hybrid/target/surefire/surefirebooter-20230607003522831_3.jar /Users/mallikarjunamg/eclipse-workspace/Hybrid/target/surefire 2023-06-07T00-35-22_126-jvmRun1 surefire-20230607003522831_1tmp surefire_0-20230607003522831_2tmp"/>
    <property name="http.nonProxyHosts" value="local|*.local|169.254/16|*.169.254/16"/>
    <property name="surefire.test.class.path" value="/Users/mallikarjunamg/eclipse-workspace/Hybrid/target/test-classes:/Users/mallikarjunamg/eclipse-workspace/Hybrid/target/classes:/Users/mallikarjunamg/.m2/repository/org/seleniumhq/selenium/selenium-java/4.4.0/selenium-java-4.4.0.jar:/Users/mallikarjunamg/.m2/repository/org/seleniumhq/selenium/selenium-api/4.4.0/selenium-api-4.4.0.jar:/Users/mallikarjunamg/.m2/repository/org/seleniumhq/selenium/selenium-chrome-driver/4.4.0/selenium-chrome-driver-4.4.0.jar:/Users/mallikarjunamg/.m2/repository/org/seleniumhq/selenium/selenium-chromium-driver/4.4.0/selenium-chromium-driver-4.4.0.jar:/Users/mallikarjunamg/.m2/repository/org/seleniumhq/selenium/selenium-devtools-v102/4.4.0/selenium-devtools-v102-4.4.0.jar:/Users/mallikarjunamg/.m2/repository/org/seleniumhq/selenium/selenium-devtools-v103/4.4.0/selenium-devtools-v103-4.4.0.jar:/Users/mallikarjunamg/.m2/repository/org/seleniumhq/selenium/selenium-devtools-v104/4.4.0/selenium-devtools-v104-4.4.0.jar:/Users/mallikarjunamg/.m2/repository/org/seleniumhq/selenium/selenium-devtools-v85/4.4.0/selenium-devtools-v85-4.4.0.jar:/Users/mallikarjunamg/.m2/repository/org/seleniumhq/selenium/selenium-edge-driver/4.4.0/selenium-edge-driver-4.4.0.jar:/Users/mallikarjunamg/.m2/repository/org/seleniumhq/selenium/selenium-firefox-driver/4.4.0/selenium-firefox-driver-4.4.0.jar:/Users/mallikarjunamg/.m2/repository/org/seleniumhq/selenium/selenium-ie-driver/4.4.0/selenium-ie-driver-4.4.0.jar:/Users/mallikarjunamg/.m2/repository/org/seleniumhq/selenium/selenium-opera-driver/4.4.0/selenium-opera-driver-4.4.0.jar:/Users/mallikarjunamg/.m2/repository/org/seleniumhq/selenium/selenium-remote-driver/4.4.0/selenium-remote-driver-4.4.0.jar:/Users/mallikarjunamg/.m2/repository/io/netty/netty-transport-classes-epoll/4.1.78.Final/netty-transport-classes-epoll-4.1.78.Final.jar:/Users/mallikarjunamg/.m2/repository/io/netty/netty-transport-classes-kqueue/4.1.78.Final/netty-transport-classes-kqueue-4.1.78.Final.jar:/Users/mallikarjunamg/.m2/repository/io/netty/netty-transport-native-epoll/4.1.78.Final/netty-transport-native-epoll-4.1.78.Final.jar:/Users/mallikarjunamg/.m2/repository/io/netty/netty-transport-native-kqueue/4.1.78.Final/netty-transport-native-kqueue-4.1.78.Final.jar:/Users/mallikarjunamg/.m2/repository/io/netty/netty-transport-native-unix-common/4.1.78.Final/netty-transport-native-unix-common-4.1.78.Final.jar:/Users/mallikarjunamg/.m2/repository/io/opentelemetry/opentelemetry-api/1.16.0/opentelemetry-api-1.16.0.jar:/Users/mallikarjunamg/.m2/repository/io/opentelemetry/opentelemetry-context/1.16.0/opentelemetry-context-1.16.0.jar:/Users/mallikarjunamg/.m2/repository/io/opentelemetry/opentelemetry-exporter-logging/1.16.0/opentelemetry-exporter-logging-1.16.0.jar:/Users/mallikarjunamg/.m2/repository/io/opentelemetry/opentelemetry-sdk-metrics/1.16.0/opentelemetry-sdk-metrics-1.16.0.jar:/Users/mallikarjunamg/.m2/repository/io/opentelemetry/opentelemetry-sdk-logs/1.16.0-alpha/opentelemetry-sdk-logs-1.16.0-alpha.jar:/Users/mallikarjunamg/.m2/repository/io/opentelemetry/opentelemetry-sdk-common/1.16.0/opentelemetry-sdk-common-1.16.0.jar:/Users/mallikarjunamg/.m2/repository/io/opentelemetry/opentelemetry-sdk-extension-autoconfigure-spi/1.16.0/opentelemetry-sdk-extension-autoconfigure-spi-1.16.0.jar:/Users/mallikarjunamg/.m2/repository/io/opentelemetry/opentelemetry-sdk-extension-autoconfigure/1.16.0-alpha/opentelemetry-sdk-extension-autoconfigure-1.16.0-alpha.jar:/Users/mallikarjunamg/.m2/repository/io/opentelemetry/opentelemetry-sdk-trace/1.16.0/opentelemetry-sdk-trace-1.16.0.jar:/Users/mallikarjunamg/.m2/repository/io/opentelemetry/opentelemetry-sdk/1.16.0/opentelemetry-sdk-1.16.0.jar:/Users/mallikarjunamg/.m2/repository/io/opentelemetry/opentelemetry-semconv/1.16.0-alpha/opentelemetry-semconv-1.16.0-alpha.jar:/Users/mallikarjunamg/.m2/repository/io/ous/jtoml/2.0.0/jtoml-2.0.0.jar:/Users/mallikarjunamg/.m2/repository/net/bytebuddy/byte-buddy/1.12.10/byte-buddy-1.12.10.jar:/Users/mallikarjunamg/.m2/repository/org/apache/commons/commons-exec/1.3/commons-exec-1.3.jar:/Users/mallikarjunamg/.m2/repository/org/asynchttpclient/async-http-client/2.12.3/async-http-client-2.12.3.jar:/Users/mallikarjunamg/.m2/repository/org/asynchttpclient/async-http-client-netty-utils/2.12.3/async-http-client-netty-utils-2.12.3.jar:/Users/mallikarjunamg/.m2/repository/io/netty/netty-transport-native-epoll/4.1.60.Final/netty-transport-native-epoll-4.1.60.Final-linux-x86_64.jar:/Users/mallikarjunamg/.m2/repository/io/netty/netty-transport-native-kqueue/4.1.60.Final/netty-transport-native-kqueue-4.1.60.Final-osx-x86_64.jar:/Users/mallikarjunamg/.m2/repository/com/typesafe/netty/netty-reactive-streams/2.0.4/netty-reactive-streams-2.0.4.jar:/Users/mallikarjunamg/.m2/repository/com/sun/activation/jakarta.activation/1.2.2/jakarta.activation-1.2.2.jar:/Users/mallikarjunamg/.m2/repository/org/seleniumhq/selenium/selenium-http/4.4.0/selenium-http-4.4.0.jar:/Users/mallikarjunamg/.m2/repository/dev/failsafe/failsafe/3.2.4/failsafe-3.2.4.jar:/Users/mallikarjunamg/.m2/repository/org/seleniumhq/selenium/selenium-safari-driver/4.4.0/selenium-safari-driver-4.4.0.jar:/Users/mallikarjunamg/.m2/repository/org/seleniumhq/selenium/selenium-support/4.4.0/selenium-support-4.4.0.jar:/Users/mallikarjunamg/.m2/repository/org/seleniumhq/selenium/selenium-devtools-v108/4.7.2/selenium-devtools-v108-4.7.2.jar:/Users/mallikarjunamg/.m2/repository/com/google/auto/service/auto-service-annotations/1.0.1/auto-service-annotations-1.0.1.jar:/Users/mallikarjunamg/.m2/repository/com/google/auto/service/auto-service/1.0.1/auto-service-1.0.1.jar:/Users/mallikarjunamg/.m2/repository/com/google/auto/auto-common/1.2/auto-common-1.2.jar:/Users/mallikarjunamg/.m2/repository/com/google/guava/guava/31.1-jre/guava-31.1-jre.jar:/Users/mallikarjunamg/.m2/repository/com/google/guava/failureaccess/1.0.1/failureaccess-1.0.1.jar:/Users/mallikarjunamg/.m2/repository/com/google/guava/listenablefuture/9999.0-empty-to-avoid-conflict-with-guava/listenablefuture-9999.0-empty-to-avoid-conflict-with-guava.jar:/Users/mallikarjunamg/.m2/repository/com/google/code/findbugs/jsr305/3.0.2/jsr305-3.0.2.jar:/Users/mallikarjunamg/.m2/repository/org/checkerframework/checker-qual/3.12.0/checker-qual-3.12.0.jar:/Users/mallikarjunamg/.m2/repository/com/google/errorprone/error_prone_annotations/2.11.0/error_prone_annotations-2.11.0.jar:/Users/mallikarjunamg/.m2/repository/com/google/j2objc/j2objc-annotations/1.3/j2objc-annotations-1.3.jar:/Users/mallikarjunamg/.m2/repository/org/seleniumhq/selenium/selenium-json/4.7.2/selenium-json-4.7.2.jar:/Users/mallikarjunamg/.m2/repository/org/testng/testng/6.9.10/testng-6.9.10.jar:/Users/mallikarjunamg/.m2/repository/com/beust/jcommander/1.48/jcommander-1.48.jar:/Users/mallikarjunamg/.m2/repository/org/beanshell/bsh/2.0b4/bsh-2.0b4.jar:/Users/mallikarjunamg/.m2/repository/commons-io/commons-io/2.11.0/commons-io-2.11.0.jar:/Users/mallikarjunamg/.m2/repository/com/fasterxml/jackson/core/jackson-databind/2.14.2/jackson-databind-2.14.2.jar:/Users/mallikarjunamg/.m2/repository/com/fasterxml/jackson/core/jackson-annotations/2.14.2/jackson-annotations-2.14.2.jar:/Users/mallikarjunamg/.m2/repository/com/fasterxml/jackson/core/jackson-core/2.14.2/jackson-core-2.14.2.jar:/Users/mallikarjunamg/.m2/repository/com/aventstack/extentreports/5.0.9/extentreports-5.0.9.jar:/Users/mallikarjunamg/.m2/repository/io/reactivex/rxjava3/rxjava/3.0.4/rxjava-3.0.4.jar:/Users/mallikarjunamg/.m2/repository/org/reactivestreams/reactive-streams/1.0.3/reactive-streams-1.0.3.jar:/Users/mallikarjunamg/.m2/repository/org/freemarker/freemarker/2.3.30/freemarker-2.3.30.jar:/Users/mallikarjunamg/.m2/repository/org/projectlombok/lombok/1.18.12/lombok-1.18.12.jar:/Users/mallikarjunamg/.m2/repository/com/google/code/gson/gson/2.8.6/gson-2.8.6.jar:/Users/mallikarjunamg/.m2/repository/io/cucumber/cucumber-java/7.11.1/cucumber-java-7.11.1.jar:/Users/mallikarjunamg/.m2/repository/io/cucumber/cucumber-core/7.11.1/cucumber-core-7.11.1.jar:/Users/mallikarjunamg/.m2/repository/io/cucumber/cucumber-gherkin/7.11.1/cucumber-gherkin-7.11.1.jar:/Users/mallikarjunamg/.m2/repository/io/cucumber/cucumber-gherkin-messages/7.11.1/cucumber-gherkin-messages-7.11.1.jar:/Users/mallikarjunamg/.m2/repository/io/cucumber/gherkin/26.0.3/gherkin-26.0.3.jar:/Users/mallikarjunamg/.m2/repository/io/cucumber/messages/21.0.1/messages-21.0.1.jar:/Users/mallikarjunamg/.m2/repository/io/cucumber/tag-expressions/5.0.1/tag-expressions-5.0.1.jar:/Users/mallikarjunamg/.m2/repository/io/cucumber/cucumber-expressions/16.1.2/cucumber-expressions-16.1.2.jar:/Users/mallikarjunamg/.m2/repository/io/cucumber/datatable/7.11.1/datatable-7.11.1.jar:/Users/mallikarjunamg/.m2/repository/io/cucumber/cucumber-plugin/7.11.1/cucumber-plugin-7.11.1.jar:/Users/mallikarjunamg/.m2/repository/io/cucumber/docstring/7.11.1/docstring-7.11.1.jar:/Users/mallikarjunamg/.m2/repository/io/cucumber/html-formatter/20.2.1/html-formatter-20.2.1.jar:/Users/mallikarjunamg/.m2/repository/io/cucumber/junit-xml-formatter/0.1.0/junit-xml-formatter-0.1.0.jar:/Users/mallikarjunamg/.m2/repository/io/cucumber/ci-environment/9.1.0/ci-environment-9.1.0.jar:/Users/mallikarjunamg/.m2/repository/org/apiguardian/apiguardian-api/1.1.2/apiguardian-api-1.1.2.jar:/Users/mallikarjunamg/.m2/repository/io/cucumber/cucumber-testng/7.11.1/cucumber-testng-7.11.1.jar:/Users/mallikarjunamg/.m2/repository/mysql/mysql-connector-java/8.0.30/mysql-connector-java-8.0.30.jar:/Users/mallikarjunamg/.m2/repository/com/google/protobuf/protobuf-java/3.19.4/protobuf-java-3.19.4.jar:/Users/mallikarjunamg/.m2/repository/org/slf4j/slf4j-simple/1.7.21/slf4j-simple-1.7.21.jar:/Users/mallikarjunamg/.m2/repository/org/slf4j/slf4j-api/1.7.21/slf4j-api-1.7.21.jar:/Users/mallikarjunamg/.m2/repository/io/github/bonigarcia/webdrivermanager/5.0.3/webdrivermanager-5.0.3.jar:/Users/mallikarjunamg/.m2/repository/org/jsoup/jsoup/1.14.2/jsoup-1.14.2.jar:/Users/mallikarjunamg/.m2/repository/com/github/docker-java/docker-java/3.2.12/docker-java-3.2.12.jar:/Users/mallikarjunamg/.m2/repository/com/github/docker-java/docker-java-core/3.2.12/docker-java-core-3.2.12.jar:/Users/mallikarjunamg/.m2/repository/com/github/docker-java/docker-java-api/3.2.12/docker-java-api-3.2.12.jar:/Users/mallikarjunamg/.m2/repository/org/apache/commons/commons-compress/1.21/commons-compress-1.21.jar:/Users/mallikarjunamg/.m2/repository/commons-lang/commons-lang/2.6/commons-lang-2.6.jar:/Users/mallikarjunamg/.m2/repository/org/bouncycastle/bcpkix-jdk15on/1.64/bcpkix-jdk15on-1.64.jar:/Users/mallikarjunamg/.m2/repository/org/bouncycastle/bcprov-jdk15on/1.64/bcprov-jdk15on-1.64.jar:/Users/mallikarjunamg/.m2/repository/org/slf4j/jcl-over-slf4j/1.7.30/jcl-over-slf4j-1.7.30.jar:/Users/mallikarjunamg/.m2/repository/com/github/docker-java/docker-java-transport-httpclient5/3.2.12/docker-java-transport-httpclient5-3.2.12.jar:/Users/mallikarjunamg/.m2/repository/com/github/docker-java/docker-java-transport/3.2.12/docker-java-transport-3.2.12.jar:/Users/mallikarjunamg/.m2/repository/org/apache/httpcomponents/client5/httpclient5/5.0.3/httpclient5-5.0.3.jar:/Users/mallikarjunamg/.m2/repository/org/apache/httpcomponents/core5/httpcore5/5.0.2/httpcore5-5.0.2.jar:/Users/mallikarjunamg/.m2/repository/net/java/dev/jna/jna/5.8.0/jna-5.8.0.jar:/Users/mallikarjunamg/.m2/repository/org/brotli/dec/0.1.2/dec-0.1.2.jar:/Users/mallikarjunamg/.m2/repository/org/mongodb/mongo-java-driver/3.12.2/mongo-java-driver-3.12.2.jar:/Users/mallikarjunamg/.m2/repository/org/mongodb/mongodb-driver-sync/4.3.4/mongodb-driver-sync-4.3.4.jar:/Users/mallikarjunamg/.m2/repository/org/mongodb/bson/4.3.4/bson-4.3.4.jar:/Users/mallikarjunamg/.m2/repository/org/mongodb/mongodb-driver-core/4.3.4/mongodb-driver-core-4.3.4.jar:/Users/mallikarjunamg/.m2/repository/info/cukes/cucumber-java8/1.2.5/cucumber-java8-1.2.5.jar:/Users/mallikarjunamg/.m2/repository/info/cukes/cucumber-java/1.2.5/cucumber-java-1.2.5.jar:/Users/mallikarjunamg/.m2/repository/info/cukes/cucumber-core/1.2.5/cucumber-core-1.2.5.jar:/Users/mallikarjunamg/.m2/repository/info/cukes/cucumber-html/0.2.3/cucumber-html-0.2.3.jar:/Users/mallikarjunamg/.m2/repository/info/cukes/cucumber-jvm-deps/1.0.5/cucumber-jvm-deps-1.0.5.jar:/Users/mallikarjunamg/.m2/repository/info/cukes/gherkin/2.12.2/gherkin-2.12.2.jar:/Users/mallikarjunamg/.m2/repository/junit/junit/4.13.2/junit-4.13.2.jar:/Users/mallikarjunamg/.m2/repository/org/hamcrest/hamcrest-core/1.3/hamcrest-core-1.3.jar:/Users/mallikarjunamg/.m2/repository/io/vertx/vertx-core/4.4.2/vertx-core-4.4.2.jar:/Users/mallikarjunamg/.m2/repository/io/netty/netty-common/4.1.92.Final/netty-common-4.1.92.Final.jar:/Users/mallikarjunamg/.m2/repository/io/netty/netty-buffer/4.1.92.Final/netty-buffer-4.1.92.Final.jar:/Users/mallikarjunamg/.m2/repository/io/netty/netty-transport/4.1.92.Final/netty-transport-4.1.92.Final.jar:/Users/mallikarjunamg/.m2/repository/io/netty/netty-handler/4.1.92.Final/netty-handler-4.1.92.Final.jar:/Users/mallikarjunamg/.m2/repository/io/netty/netty-codec/4.1.92.Final/netty-codec-4.1.92.Final.jar:/Users/mallikarjunamg/.m2/repository/io/netty/netty-handler-proxy/4.1.92.Final/netty-handler-proxy-4.1.92.Final.jar:/Users/mallikarjunamg/.m2/repository/io/netty/netty-codec-socks/4.1.92.Final/netty-codec-socks-4.1.92.Final.jar:/Users/mallikarjunamg/.m2/repository/io/netty/netty-codec-http/4.1.92.Final/netty-codec-http-4.1.92.Final.jar:/Users/mallikarjunamg/.m2/repository/io/netty/netty-codec-http2/4.1.92.Final/netty-codec-http2-4.1.92.Final.jar:/Users/mallikarjunamg/.m2/repository/io/netty/netty-resolver/4.1.92.Final/netty-resolver-4.1.92.Final.jar:/Users/mallikarjunamg/.m2/repository/io/netty/netty-resolver-dns/4.1.92.Final/netty-resolver-dns-4.1.92.Final.jar:/Users/mallikarjunamg/.m2/repository/io/netty/netty-codec-dns/4.1.92.Final/netty-codec-dns-4.1.92.Final.jar:/Users/mallikarjunamg/.m2/repository/io/vertx/vertx-unit/4.4.2/vertx-unit-4.4.2.jar:/Users/mallikarjunamg/.m2/repository/io/vertx/vertx-web/4.4.2/vertx-web-4.4.2.jar:/Users/mallikarjunamg/.m2/repository/io/vertx/vertx-web-common/4.4.2/vertx-web-common-4.4.2.jar:/Users/mallikarjunamg/.m2/repository/io/vertx/vertx-auth-common/4.4.2/vertx-auth-common-4.4.2.jar:/Users/mallikarjunamg/.m2/repository/io/vertx/vertx-bridge-common/4.4.2/vertx-bridge-common-4.4.2.jar:/Users/mallikarjunamg/.m2/repository/io/vertx/vertx-jdbc-client/4.4.2/vertx-jdbc-client-4.4.2.jar:/Users/mallikarjunamg/.m2/repository/io/vertx/vertx-sql-client/4.4.2/vertx-sql-client-4.4.2.jar:/Users/mallikarjunamg/.m2/repository/com/mchange/c3p0/0.9.5.5/c3p0-0.9.5.5.jar:/Users/mallikarjunamg/.m2/repository/com/mchange/mchange-commons-java/0.2.19/mchange-commons-java-0.2.19.jar:/Users/mallikarjunamg/.m2/repository/org/hsqldb/hsqldb/2.3.3/hsqldb-2.3.3.jar:/Users/mallikarjunamg/.m2/repository/ch/qos/logback/logback-classic/1.2.3/logback-classic-1.2.3.jar:/Users/mallikarjunamg/.m2/repository/ch/qos/logback/logback-core/1.2.3/logback-core-1.2.3.jar:/Users/mallikarjunamg/.m2/repository/com/jayway/restassured/rest-assured/2.4.0/rest-assured-2.4.0.jar:/Users/mallikarjunamg/.m2/repository/org/codehaus/groovy/groovy/2.3.7/groovy-2.3.7.jar:/Users/mallikarjunamg/.m2/repository/org/codehaus/groovy/groovy-xml/2.3.7/groovy-xml-2.3.7.jar:/Users/mallikarjunamg/.m2/repository/org/apache/httpcomponents/httpclient/4.3.6/httpclient-4.3.6.jar:/Users/mallikarjunamg/.m2/repository/org/apache/httpcomponents/httpcore/4.3.3/httpcore-4.3.3.jar:/Users/mallikarjunamg/.m2/repository/commons-logging/commons-logging/1.1.3/commons-logging-1.1.3.jar:/Users/mallikarjunamg/.m2/repository/commons-codec/commons-codec/1.6/commons-codec-1.6.jar:/Users/mallikarjunamg/.m2/repository/org/apache/httpcomponents/httpmime/4.3.6/httpmime-4.3.6.jar:/Users/mallikarjunamg/.m2/repository/org/hamcrest/hamcrest-library/1.3/hamcrest-library-1.3.jar:/Users/mallikarjunamg/.m2/repository/org/ccil/cowan/tagsoup/tagsoup/1.2.1/tagsoup-1.2.1.jar:/Users/mallikarjunamg/.m2/repository/com/jayway/restassured/json-path/2.4.0/json-path-2.4.0.jar:/Users/mallikarjunamg/.m2/repository/org/codehaus/groovy/groovy-json/2.3.7/groovy-json-2.3.7.jar:/Users/mallikarjunamg/.m2/repository/com/jayway/restassured/rest-assured-common/2.4.0/rest-assured-common-2.4.0.jar:/Users/mallikarjunamg/.m2/repository/com/jayway/restassured/xml-path/2.4.0/xml-path-2.4.0.jar:/Users/mallikarjunamg/.m2/repository/org/apache/commons/commons-lang3/3.3.2/commons-lang3-3.3.2.jar:/Users/mallikarjunamg/.m2/repository/org/assertj/assertj-core/2.0.0/assertj-core-2.0.0.jar:/Users/mallikarjunamg/.m2/repository/com/github/marschall/memoryfilesystem/0.6.4/memoryfilesystem-0.6.4.jar:"/>
    <property name="sun.cpu.endian" value="little"/>
    <property name="user.home" value="/Users/mallikarjunamg"/>
    <property name="user.language" value="en"/>
    <property name="java.specification.vendor" value="Oracle Corporation"/>
    <property name="java.home" value="/Library/Internet Plug-Ins/JavaAppletPlugin.plugin/Contents/Home"/>
    <property name="basedir" value="/Users/mallikarjunamg/eclipse-workspace/Hybrid"/>
    <property name="style.color" value="always"/>
    <property name="file.separator" value="/"/>
    <property name="line.separator" value="&#10;"/>
    <property name="java.vm.specification.vendor" value="Oracle Corporation"/>
    <property name="java.specification.name" value="Java Platform API Specification"/>
    <property name="java.awt.graphicsenv" value="sun.awt.CGraphicsEnvironment"/>
    <property name="surefire.real.class.path" value="/Users/mallikarjunamg/eclipse-workspace/Hybrid/target/surefire/surefirebooter-20230607003522831_3.jar"/>
    <property name="sun.boot.class.path" value="/Library/Internet Plug-Ins/JavaAppletPlugin.plugin/Contents/Home/lib/resources.jar:/Library/Internet Plug-Ins/JavaAppletPlugin.plugin/Contents/Home/lib/rt.jar:/Library/Internet Plug-Ins/JavaAppletPlugin.plugin/Contents/Home/lib/jsse.jar:/Library/Internet Plug-Ins/JavaAppletPlugin.plugin/Contents/Home/lib/jce.jar:/Library/Internet Plug-Ins/JavaAppletPlugin.plugin/Contents/Home/lib/charsets.jar:/Library/Internet Plug-Ins/JavaAppletPlugin.plugin/Contents/Home/lib/jfr.jar:/Library/Internet Plug-Ins/JavaAppletPlugin.plugin/Contents/Home/classes"/>
    <property name="sun.management.compiler" value="HotSpot 64-Bit Tiered Compilers"/>
    <property name="ftp.nonProxyHosts" value="local|*.local|169.254/16|*.169.254/16"/>
    <property name="java.runtime.version" value="1.8.0_361-b09"/>
    <property name="user.name" value="mallikarjunamg"/>
    <property name="path.separator" value=":"/>
    <property name="os.version" value="12.4"/>
    <property name="java.endorsed.dirs" value="/Library/Internet Plug-Ins/JavaAppletPlugin.plugin/Contents/Home/lib/endorsed"/>
    <property name="java.runtime.name" value="Java(TM) SE Runtime Environment"/>
    <property name="file.encoding" value="UTF-8"/>
    <property name="java.vm.name" value="Java HotSpot(TM) 64-Bit Server VM"/>
    <property name="localRepository" value="/Users/mallikarjunamg/.m2/repository"/>
    <property name="java.vendor.url.bug" value="http://bugreport.sun.com/bugreport/"/>
    <property name="java.io.tmpdir" value="/var/folders/38/0wmr0nvn5wd3jwh_vxtz8qwc0000gn/T/"/>
    <property name="java.version" value="1.8.0_361"/>
    <property name="user.dir" value="/Users/mallikarjunamg/eclipse-workspace/Hybrid"/>
    <property name="os.arch" value="x86_64"/>
    <property name="java.vm.specification.name" value="Java Virtual Machine Specification"/>
    <property name="java.awt.printerjob" value="sun.lwawt.macosx.CPrinterJob"/>
    <property name="sun.os.patch.level" value="unknown"/>
    <property name="java.library.path" value="/Users/mallikarjunamg/Library/Java/Extensions:/Library/Java/Extensions:/Network/Library/Java/Extensions:/System/Library/Java/Extensions:/usr/lib/java:."/>
    <property name="java.vm.info" value="mixed mode"/>
    <property name="java.vendor" value="Oracle Corporation"/>
    <property name="java.vm.version" value="25.361-b09"/>
    <property name="java.specification.maintenance.version" value="4"/>
    <property name="java.ext.dirs" value="/Users/mallikarjunamg/Library/Java/Extensions:/Library/Internet Plug-Ins/JavaAppletPlugin.plugin/Contents/Home/lib/ext:/Library/Java/Extensions:/Network/Library/Java/Extensions:/System/Library/Java/Extensions:/usr/lib/java"/>
    <property name="sun.io.unicode.encoding" value="UnicodeBig"/>
    <property name="java.class.version" value="52.0"/>
    <property name="socksNonProxyHosts" value="local|*.local|169.254/16|*.169.254/16"/>
  </properties>
  <testcase name="validate_Languages" classname="tests.AmazonTests" time="34.798">
    <system-out><![CDATA[[TestNGContentHandler] [WARN] It is strongly recommended to add "<!DOCTYPE suite SYSTEM "http://testng.org/testng-1.0.dtd" >" at the top of your file, otherwise TestNG may fail or not work as expected.
]]></system-out>
    <system-err><![CDATA[SLF4J: Class path contains multiple SLF4J bindings.
SLF4J: Found binding in [jar:file:/Users/mallikarjunamg/.m2/repository/org/slf4j/slf4j-simple/1.7.21/slf4j-simple-1.7.21.jar!/org/slf4j/impl/StaticLoggerBinder.class]
SLF4J: Found binding in [jar:file:/Users/mallikarjunamg/.m2/repository/ch/qos/logback/logback-classic/1.2.3/logback-classic-1.2.3.jar!/org/slf4j/impl/StaticLoggerBinder.class]
SLF4J: See http://www.slf4j.org/codes.html#multiple_bindings for an explanation.
SLF4J: Actual binding is of type [org.slf4j.impl.SimpleLoggerFactory]
[main] INFO io.github.bonigarcia.wdm.WebDriverManager - Using chromedriver 113.0.5672.63 (resolved driver for Chrome 113)
[main] INFO io.github.bonigarcia.wdm.WebDriverManager - Exporting webdriver.chrome.driver as /Users/mallikarjunamg/.cache/selenium/chromedriver/mac64/113.0.5672.63/chromedriver
Starting ChromeDriver 113.0.5672.63 (0e1a4471d5ae5bf128b1bd8f4d627c8cbd55f70c-refs/branch-heads/5672@{#912}) on port 50369
Only local connections are allowed.
Please see https://chromedriver.chromium.org/security-considerations for suggestions on keeping ChromeDriver safe.
ChromeDriver was started successfully.
Jun 07, 2023 12:35:36 AM org.openqa.selenium.remote.ProtocolHandshake createSession
INFO: Detected upstream dialect: W3C
Jun 07, 2023 12:35:36 AM org.openqa.selenium.devtools.CdpVersionFinder findNearestMatch
WARNING: Unable to find an exact match for CDP version 113, so returning the closest version found: a no-op implementation
Jun 07, 2023 12:35:36 AM org.openqa.selenium.devtools.CdpVersionFinder findNearestMatch
INFO: Unable to find CDP implementation matching 113.
Jun 07, 2023 12:35:36 AM org.openqa.selenium.chromium.ChromiumDriver lambda$new$3
WARNING: Unable to find version of CDP to use for . You may need to include a dependency on a specific version of the CDP using something similar to `org.seleniumhq.selenium:selenium-devtools-v86:4.4.0` where the version ("v86") matches the version of the chromium-based browser you're using and the version number of the artifact is the same as Selenium's.
]]></system-err>
  </testcase>
  <testcase name="validate_SearchDropdownOptions" classname="tests.AmazonTests" time="0.308">
    <failure message="invalid session id&#10;Build info: version: &apos;4.4.0&apos;, revision: &apos;e5c75ed026a&apos;&#10;System info: host: &apos;Saarthi-C02G99Q2Q6L4.local&apos;, ip: &apos;2409:40f2:26:8c51:84b2:6990:d89e:678%en0&apos;, os.name: &apos;Mac OS X&apos;, os.arch: &apos;x86_64&apos;, os.version: &apos;12.4&apos;, java.version: &apos;1.8.0_361&apos;&#10;Driver info: org.openqa.selenium.chrome.ChromeDriver&#10;Command: [8ab134f73d46ff802238d010fe5ee4bf, findElement {using=xpath, value=//select[@title=&apos;Search in&apos;]}]&#10;Capabilities {acceptInsecureCerts: false, browserName: chrome, browserVersion: 113.0.5672.126, chrome: {chromedriverVersion: 113.0.5672.63 (0e1a4471d5ae..., userDataDir: /var/folders/38/0wmr0nvn5wd...}, goog:chromeOptions: {debuggerAddress: localhost:55759}, networkConnectionEnabled: false, pageLoadStrategy: normal, platformName: MAC, proxy: Proxy(), se:cdp: ws://localhost:55759/devtoo..., se:cdpVersion: 113.0.5672.126, setWindowRect: true, strictFileInteractability: false, timeouts: {implicit: 0, pageLoad: 300000, script: 30000}, unhandledPromptBehavior: dismiss and notify, webauthn:extension:credBlob: true, webauthn:extension:largeBlob: true, webauthn:extension:minPinLength: true, webauthn:extension:prf: true, webauthn:virtualAuthenticators: true}&#10;Session ID: 8ab134f73d46ff802238d010fe5ee4bf" type="org.openqa.selenium.NoSuchSessionException"><![CDATA[org.openqa.selenium.NoSuchSessionException: 
invalid session id
Build info: version: '4.4.0', revision: 'e5c75ed026a'
System info: host: 'Saarthi-C02G99Q2Q6L4.local', ip: '2409:40f2:26:8c51:84b2:6990:d89e:678%en0', os.name: 'Mac OS X', os.arch: 'x86_64', os.version: '12.4', java.version: '1.8.0_361'
Driver info: org.openqa.selenium.chrome.ChromeDriver
Command: [8ab134f73d46ff802238d010fe5ee4bf, findElement {using=xpath, value=//select[@title='Search in']}]
Capabilities {acceptInsecureCerts: false, browserName: chrome, browserVersion: 113.0.5672.126, chrome: {chromedriverVersion: 113.0.5672.63 (0e1a4471d5ae..., userDataDir: /var/folders/38/0wmr0nvn5wd...}, goog:chromeOptions: {debuggerAddress: localhost:55759}, networkConnectionEnabled: false, pageLoadStrategy: normal, platformName: MAC, proxy: Proxy(), se:cdp: ws://localhost:55759/devtoo..., se:cdpVersion: 113.0.5672.126, setWindowRect: true, strictFileInteractability: false, timeouts: {implicit: 0, pageLoad: 300000, script: 30000}, unhandledPromptBehavior: dismiss and notify, webauthn:extension:credBlob: true, webauthn:extension:largeBlob: true, webauthn:extension:minPinLength: true, webauthn:extension:prf: true, webauthn:virtualAuthenticators: true}
Session ID: 8ab134f73d46ff802238d010fe5ee4bf
	at sun.reflect.NativeConstructorAccessorImpl.newInstance0(Native Method)
	at sun.reflect.NativeConstructorAccessorImpl.newInstance(NativeConstructorAccessorImpl.java:62)
	at sun.reflect.DelegatingConstructorAccessorImpl.newInstance(DelegatingConstructorAccessorImpl.java:45)
	at java.lang.reflect.Constructor.newInstance(Constructor.java:423)
	at org.openqa.selenium.remote.codec.w3c.W3CHttpResponseCodec.createException(W3CHttpResponseCodec.java:200)
	at org.openqa.selenium.remote.codec.w3c.W3CHttpResponseCodec.decode(W3CHttpResponseCodec.java:133)
	at org.openqa.selenium.remote.codec.w3c.W3CHttpResponseCodec.decode(W3CHttpResponseCodec.java:53)
	at org.openqa.selenium.remote.HttpCommandExecutor.execute(HttpCommandExecutor.java:184)
	at org.openqa.selenium.remote.service.DriverCommandExecutor.invokeExecute(DriverCommandExecutor.java:167)
	at org.openqa.selenium.remote.service.DriverCommandExecutor.execute(DriverCommandExecutor.java:142)
	at org.openqa.selenium.remote.RemoteWebDriver.execute(RemoteWebDriver.java:547)
	at org.openqa.selenium.remote.ElementLocation$ElementFinder$2.findElement(ElementLocation.java:162)
	at org.openqa.selenium.remote.ElementLocation.findElement(ElementLocation.java:60)
	at org.openqa.selenium.remote.RemoteWebDriver.findElement(RemoteWebDriver.java:365)
	at org.openqa.selenium.remote.RemoteWebDriver.findElement(RemoteWebDriver.java:357)
	at org.openqa.selenium.support.pagefactory.DefaultElementLocator.findElement(DefaultElementLocator.java:70)
	at org.openqa.selenium.support.pagefactory.internal.LocatingElementHandler.invoke(LocatingElementHandler.java:39)
	at com.sun.proxy.$Proxy15.getTagName(Unknown Source)
	at org.openqa.selenium.support.ui.Select.<init>(Select.java:46)
	at abstractComponents.AbstractComponents.SelectOptions(AbstractComponents.java:90)
	at tests.AmazonTests.validate_SearchDropdownOptions(AmazonTests.java:38)
	at sun.reflect.NativeMethodAccessorImpl.invoke0(Native Method)
	at sun.reflect.NativeMethodAccessorImpl.invoke(NativeMethodAccessorImpl.java:62)
	at sun.reflect.DelegatingMethodAccessorImpl.invoke(DelegatingMethodAccessorImpl.java:43)
	at java.lang.reflect.Method.invoke(Method.java:498)
	at org.testng.internal.MethodInvocationHelper.invokeMethod(MethodInvocationHelper.java:86)
	at org.testng.internal.Invoker.invokeMethod(Invoker.java:643)
	at org.testng.internal.Invoker.invokeTestMethod(Invoker.java:820)
	at org.testng.internal.Invoker.invokeTestMethods(Invoker.java:1128)
	at org.testng.internal.TestMethodWorker.invokeTestMethods(TestMethodWorker.java:129)
	at org.testng.internal.TestMethodWorker.run(TestMethodWorker.java:112)
	at org.testng.TestRunner.privateRun(TestRunner.java:782)
	at org.testng.TestRunner.run(TestRunner.java:632)
	at org.testng.SuiteRunner.runTest(SuiteRunner.java:366)
	at org.testng.SuiteRunner.runSequentially(SuiteRunner.java:361)
	at org.testng.SuiteRunner.privateRun(SuiteRunner.java:319)
	at org.testng.SuiteRunner.run(SuiteRunner.java:268)
	at org.testng.SuiteRunnerWorker.runSuite(SuiteRunnerWorker.java:52)
	at org.testng.SuiteRunnerWorker.run(SuiteRunnerWorker.java:86)
	at org.testng.TestNG.runSuitesSequentially(TestNG.java:1244)
	at org.testng.TestNG.runSuitesLocally(TestNG.java:1169)
	at org.testng.TestNG.run(TestNG.java:1064)
	at org.apache.maven.surefire.testng.TestNGExecutor.run(TestNGExecutor.java:308)
	at org.apache.maven.surefire.testng.TestNGXmlTestSuite.execute(TestNGXmlTestSuite.java:71)
	at org.apache.maven.surefire.testng.TestNGProvider.invoke(TestNGProvider.java:113)
	at org.apache.maven.surefire.booter.ForkedBooter.runSuitesInProcess(ForkedBooter.java:385)
	at org.apache.maven.surefire.booter.ForkedBooter.execute(ForkedBooter.java:162)
	at org.apache.maven.surefire.booter.ForkedBooter.run(ForkedBooter.java:507)
	at org.apache.maven.surefire.booter.ForkedBooter.main(ForkedBooter.java:495)
]]></failure>
  </testcase>
  <testcase name="validate_SearchDropdownOptions" classname="tests.AmazonTests" time="0">
    <skipped/>
  </testcase>
  <testcase name="validate_SearchDropdownOptions" classname="tests.AmazonTests" time="0">
    <skipped/>
  </testcase>
  <testcase name="validate_SearchDropdownOptions" classname="tests.AmazonTests" time="0">
    <skipped/>
  </testcase>
  <testcase name="validate_SearchDropdownOptions" classname="tests.AmazonTests" time="0">
    <skipped/>
  </testcase>
  <testcase name="validate_SearchDropdownOptions" classname="tests.AmazonTests" time="0">
    <skipped/>
  </testcase>
  <testcase name="validate_SearchDropdownOptions" classname="tests.AmazonTests" time="0">
    <skipped/>
  </testcase>
  <testcase name="validate_SearchDropdownOptions" classname="tests.AmazonTests" time="0">
    <skipped/>
  </testcase>
  <testcase name="validate_SearchDropdownOptions" classname="tests.AmazonTests" time="0">
    <skipped/>
  </testcase>
  <testcase name="validate_SearchDropdownOptions" classname="tests.AmazonTests" time="0">
    <skipped/>
  </testcase>
  <testcase name="tearDown" classname="tests.AmazonTests" time="0.329">
    <failure message="invalid session id&#10;Build info: version: &apos;4.4.0&apos;, revision: &apos;e5c75ed026a&apos;&#10;System info: host: &apos;Saarthi-C02G99Q2Q6L4.local&apos;, ip: &apos;2409:40f2:26:8c51:84b2:6990:d89e:678%en0&apos;, os.name: &apos;Mac OS X&apos;, os.arch: &apos;x86_64&apos;, os.version: &apos;12.4&apos;, java.version: &apos;1.8.0_361&apos;&#10;Driver info: org.openqa.selenium.chrome.ChromeDriver&#10;Command: [8ab134f73d46ff802238d010fe5ee4bf, close {}]&#10;Capabilities {acceptInsecureCerts: false, browserName: chrome, browserVersion: 113.0.5672.126, chrome: {chromedriverVersion: 113.0.5672.63 (0e1a4471d5ae..., userDataDir: /var/folders/38/0wmr0nvn5wd...}, goog:chromeOptions: {debuggerAddress: localhost:55759}, networkConnectionEnabled: false, pageLoadStrategy: normal, platformName: MAC, proxy: Proxy(), se:cdp: ws://localhost:55759/devtoo..., se:cdpVersion: 113.0.5672.126, setWindowRect: true, strictFileInteractability: false, timeouts: {implicit: 0, pageLoad: 300000, script: 30000}, unhandledPromptBehavior: dismiss and notify, webauthn:extension:credBlob: true, webauthn:extension:largeBlob: true, webauthn:extension:minPinLength: true, webauthn:extension:prf: true, webauthn:virtualAuthenticators: true}&#10;Session ID: 8ab134f73d46ff802238d010fe5ee4bf" type="org.openqa.selenium.NoSuchSessionException"><![CDATA[org.openqa.selenium.NoSuchSessionException: 
invalid session id
Build info: version: '4.4.0', revision: 'e5c75ed026a'
System info: host: 'Saarthi-C02G99Q2Q6L4.local', ip: '2409:40f2:26:8c51:84b2:6990:d89e:678%en0', os.name: 'Mac OS X', os.arch: 'x86_64', os.version: '12.4', java.version: '1.8.0_361'
Driver info: org.openqa.selenium.chrome.ChromeDriver
Command: [8ab134f73d46ff802238d010fe5ee4bf, close {}]
Capabilities {acceptInsecureCerts: false, browserName: chrome, browserVersion: 113.0.5672.126, chrome: {chromedriverVersion: 113.0.5672.63 (0e1a4471d5ae..., userDataDir: /var/folders/38/0wmr0nvn5wd...}, goog:chromeOptions: {debuggerAddress: localhost:55759}, networkConnectionEnabled: false, pageLoadStrategy: normal, platformName: MAC, proxy: Proxy(), se:cdp: ws://localhost:55759/devtoo..., se:cdpVersion: 113.0.5672.126, setWindowRect: true, strictFileInteractability: false, timeouts: {implicit: 0, pageLoad: 300000, script: 30000}, unhandledPromptBehavior: dismiss and notify, webauthn:extension:credBlob: true, webauthn:extension:largeBlob: true, webauthn:extension:minPinLength: true, webauthn:extension:prf: true, webauthn:virtualAuthenticators: true}
Session ID: 8ab134f73d46ff802238d010fe5ee4bf
	at sun.reflect.NativeConstructorAccessorImpl.newInstance0(Native Method)
	at sun.reflect.NativeConstructorAccessorImpl.newInstance(NativeConstructorAccessorImpl.java:62)
	at sun.reflect.DelegatingConstructorAccessorImpl.newInstance(DelegatingConstructorAccessorImpl.java:45)
	at java.lang.reflect.Constructor.newInstance(Constructor.java:423)
	at org.openqa.selenium.remote.codec.w3c.W3CHttpResponseCodec.createException(W3CHttpResponseCodec.java:200)
	at org.openqa.selenium.remote.codec.w3c.W3CHttpResponseCodec.decode(W3CHttpResponseCodec.java:133)
	at org.openqa.selenium.remote.codec.w3c.W3CHttpResponseCodec.decode(W3CHttpResponseCodec.java:53)
	at org.openqa.selenium.remote.HttpCommandExecutor.execute(HttpCommandExecutor.java:184)
	at org.openqa.selenium.remote.service.DriverCommandExecutor.invokeExecute(DriverCommandExecutor.java:167)
	at org.openqa.selenium.remote.service.DriverCommandExecutor.execute(DriverCommandExecutor.java:142)
	at org.openqa.selenium.remote.RemoteWebDriver.execute(RemoteWebDriver.java:547)
	at org.openqa.selenium.remote.RemoteWebDriver.execute(RemoteWebDriver.java:602)
	at org.openqa.selenium.remote.RemoteWebDriver.execute(RemoteWebDriver.java:606)
	at org.openqa.selenium.remote.RemoteWebDriver.close(RemoteWebDriver.java:432)
	at TestComponents.BaseTest.tearDown(BaseTest.java:110)
	at sun.reflect.NativeMethodAccessorImpl.invoke0(Native Method)
	at sun.reflect.NativeMethodAccessorImpl.invoke(NativeMethodAccessorImpl.java:62)
	at sun.reflect.DelegatingMethodAccessorImpl.invoke(DelegatingMethodAccessorImpl.java:43)
	at java.lang.reflect.Method.invoke(Method.java:498)
	at org.testng.internal.MethodInvocationHelper.invokeMethod(MethodInvocationHelper.java:86)
	at org.testng.internal.Invoker.invokeConfigurationMethod(Invoker.java:514)
	at org.testng.internal.Invoker.invokeConfigurations(Invoker.java:215)
	at org.testng.internal.Invoker.invokeMethod(Invoker.java:707)
	at org.testng.internal.Invoker.invokeTestMethod(Invoker.java:820)
	at org.testng.internal.Invoker.invokeTestMethods(Invoker.java:1128)
	at org.testng.internal.TestMethodWorker.invokeTestMethods(TestMethodWorker.java:129)
	at org.testng.internal.TestMethodWorker.run(TestMethodWorker.java:112)
	at org.testng.TestRunner.privateRun(TestRunner.java:782)
	at org.testng.TestRunner.run(TestRunner.java:632)
	at org.testng.SuiteRunner.runTest(SuiteRunner.java:366)
	at org.testng.SuiteRunner.runSequentially(SuiteRunner.java:361)
	at org.testng.SuiteRunner.privateRun(SuiteRunner.java:319)
	at org.testng.SuiteRunner.run(SuiteRunner.java:268)
	at org.testng.SuiteRunnerWorker.runSuite(SuiteRunnerWorker.java:52)
	at org.testng.SuiteRunnerWorker.run(SuiteRunnerWorker.java:86)
	at org.testng.TestNG.runSuitesSequentially(TestNG.java:1244)
	at org.testng.TestNG.runSuitesLocally(TestNG.java:1169)
	at org.testng.TestNG.run(TestNG.java:1064)
	at org.apache.maven.surefire.testng.TestNGExecutor.run(TestNGExecutor.java:308)
	at org.apache.maven.surefire.testng.TestNGXmlTestSuite.execute(TestNGXmlTestSuite.java:71)
	at org.apache.maven.surefire.testng.TestNGProvider.invoke(TestNGProvider.java:113)
	at org.apache.maven.surefire.booter.ForkedBooter.runSuitesInProcess(ForkedBooter.java:385)
	at org.apache.maven.surefire.booter.ForkedBooter.execute(ForkedBooter.java:162)
	at org.apache.maven.surefire.booter.ForkedBooter.run(ForkedBooter.java:507)
	at org.apache.maven.surefire.booter.ForkedBooter.main(ForkedBooter.java:495)
]]></failure>
  </testcase>
  <testcase name="tearDown" classname="tests.AmazonTests" time="0">
    <skipped/>
  </testcase>
  <testcase name="tearDown" classname="tests.AmazonTests" time="0">
    <skipped/>
  </testcase>
  <testcase name="tearDown" classname="tests.AmazonTests" time="0">
    <skipped/>
  </testcase>
  <testcase name="tearDown" classname="tests.AmazonTests" time="0">
    <skipped/>
  </testcase>
  <testcase name="tearDown" classname="tests.AmazonTests" time="0">
    <skipped/>
  </testcase>
  <testcase name="tearDown" classname="tests.AmazonTests" time="0">
    <skipped/>
  </testcase>
  <testcase name="tearDown" classname="tests.AmazonTests" time="0">
    <skipped/>
  </testcase>
  <testcase name="tearDown" classname="tests.AmazonTests" time="0">
    <skipped/>
  </testcase>
  <testcase name="tearDown" classname="tests.AmazonTests" time="0">
    <skipped/>
  </testcase>
  <testcase name="tearDown" classname="tests.AmazonTests" time="0">
    <skipped/>
  </testcase>
  <testcase name="tearDown" classname="tests.AmazonTests" time="0">
    <skipped/>
  </testcase>
  <testcase name="tearDown" classname="tests.AmazonTests" time="0">
    <skipped/>
  </testcase>
  <testcase name="tearDown" classname="tests.AmazonTests" time="0">
    <skipped/>
  </testcase>
  <testcase name="methodName" classname="tests.AmazonTests" time="0">
    <skipped/>
  </testcase>
  <testcase name="methodName" classname="tests.AmazonTests" time="0">
    <skipped/>
  </testcase>
  <testcase name="methodName" classname="tests.AmazonTests" time="0">
    <skipped/>
  </testcase>
  <testcase name="methodName" classname="tests.AmazonTests" time="0">
    <skipped/>
  </testcase>
  <testcase name="methodName" classname="tests.AmazonTests" time="0">
    <skipped/>
  </testcase>
  <testcase name="methodName" classname="tests.AmazonTests" time="0">
    <skipped/>
  </testcase>
  <testcase name="methodName" classname="tests.AmazonTests" time="0">
    <skipped/>
  </testcase>
  <testcase name="methodName" classname="tests.AmazonTests" time="0">
    <skipped/>
  </testcase>
  <testcase name="methodName" classname="tests.AmazonTests" time="0">
    <skipped/>
  </testcase>
  <testcase name="methodName" classname="tests.AmazonTests" time="0">
    <skipped/>
  </testcase>
  <testcase name="methodName" classname="tests.AmazonTests" time="0">
    <skipped/>
  </testcase>
  <testcase name="methodName" classname="tests.AmazonTests" time="0">
    <skipped/>
  </testcase>
  <testcase name="validate_SelectitemfromDropdown[Electronics](1)" classname="tests.AmazonTests" time="0">
    <skipped/>
  </testcase>
  <testcase name="validate_SelectitemfromDropdown[Books](2)" classname="tests.AmazonTests" time="0">
    <skipped/>
  </testcase>
  <testcase name="validate_pageTitle" classname="tests.AmazonTests" time="0">
    <skipped/>
  </testcase>
</testsuite>